c:\users\vmc4\projects\unamed-alien-game\src\x64\debug\vc142.pdb
c:\users\vmc4\projects\unamed-alien-game\src\x64\debug\vc142.idb
c:\users\vmc4\projects\unamed-alien-game\src\x64\debug\texture.obj
c:\users\vmc4\projects\unamed-alien-game\src\x64\debug\stbi_image.obj
c:\users\vmc4\projects\unamed-alien-game\src\x64\debug\sprite.obj
c:\users\vmc4\projects\unamed-alien-game\src\x64\debug\shader.obj
c:\users\vmc4\projects\unamed-alien-game\src\x64\debug\main.obj
c:\users\vmc4\projects\unamed-alien-game\src\x64\debug\ground.obj
c:\users\vmc4\projects\unamed-alien-game\src\x64\debug\camera.obj
c:\users\vmc4\projects\unamed-alien-game\src\x64\debug\glad.obj
c:\users\vmc4\projects\unamed-alien-game\src\x64\debug\renderer.obj
c:\users\vmc4\projects\unamed-alien-game\src\x64\debug\vbo.obj
c:\users\vmc4\projects\unamed-alien-game\src\x64\debug\vao.obj
c:\users\vmc4\projects\unamed-alien-game\src\x64\debug\ebo.obj
c:\users\vmc4\projects\unamed-alien-game\src\x64\debug\batch.obj
c:\users\vmc4\projects\unamed-alien-game\src\x64\debug\gameobject.obj
c:\users\vmc4\projects\unamed-alien-game\src\x64\debug\game.obj
c:\users\vmc4\projects\unamed-alien-game\src\x64\debug\resourcemanager.obj
c:\users\vmc4\projects\unamed-alien-game\src\x64\debug\spriterenderer.obj
c:\users\vmc4\projects\unamed-alien-game\src\x64\debug\glooper.obj
c:\users\vmc4\projects\unamed-alien-game\src\x64\debug\controller.obj
c:\users\vmc4\projects\unamed-alien-game\x64\debug\unamed-alien-game.exe
c:\users\vmc4\projects\unamed-alien-game\src\x64\debug\unamed-alien-game.ilk
c:\users\vmc4\projects\unamed-alien-game\x64\debug\unamed-alien-game.pdb
c:\users\vmc4\projects\unamed-alien-game\src\x64\debug\alien.obj
c:\users\vmc4\projects\unamed-alien-game\src\x64\debug\batch.obj.enc
c:\users\vmc4\projects\unamed-alien-game\src\x64\debug\unamed-a.42aa8425.tlog\cl.command.1.tlog
c:\users\vmc4\projects\unamed-alien-game\src\x64\debug\unamed-a.42aa8425.tlog\cl.read.1.tlog
c:\users\vmc4\projects\unamed-alien-game\src\x64\debug\unamed-a.42aa8425.tlog\cl.write.1.tlog
c:\users\vmc4\projects\unamed-alien-game\src\x64\debug\unamed-a.42aa8425.tlog\link-cvtres.read.1.tlog
c:\users\vmc4\projects\unamed-alien-game\src\x64\debug\unamed-a.42aa8425.tlog\link-cvtres.write.1.tlog
c:\users\vmc4\projects\unamed-alien-game\src\x64\debug\unamed-a.42aa8425.tlog\link-rc.read.1.tlog
c:\users\vmc4\projects\unamed-alien-game\src\x64\debug\unamed-a.42aa8425.tlog\link-rc.write.1.tlog
c:\users\vmc4\projects\unamed-alien-game\src\x64\debug\unamed-a.42aa8425.tlog\link.6512-cvtres.read.1.tlog
c:\users\vmc4\projects\unamed-alien-game\src\x64\debug\unamed-a.42aa8425.tlog\link.6512-cvtres.write.1.tlog
c:\users\vmc4\projects\unamed-alien-game\src\x64\debug\unamed-a.42aa8425.tlog\link.6512-rc.read.1.tlog
c:\users\vmc4\projects\unamed-alien-game\src\x64\debug\unamed-a.42aa8425.tlog\link.6512-rc.write.1.tlog
c:\users\vmc4\projects\unamed-alien-game\src\x64\debug\unamed-a.42aa8425.tlog\link.6512.read.1.tlog
c:\users\vmc4\projects\unamed-alien-game\src\x64\debug\unamed-a.42aa8425.tlog\link.6512.write.1.tlog
c:\users\vmc4\projects\unamed-alien-game\src\x64\debug\unamed-a.42aa8425.tlog\link.command.1.tlog
c:\users\vmc4\projects\unamed-alien-game\src\x64\debug\unamed-a.42aa8425.tlog\link.read.1.tlog
c:\users\vmc4\projects\unamed-alien-game\src\x64\debug\unamed-a.42aa8425.tlog\link.write.1.tlog
